2024-04-01 10:55:30.433  INFO 16024 --- [main] com.example.Application                  : Starting Application on PC-202307121658 with PID 16024 (D:\Company\Hammer\Old\work\target\classes started by Administrator in D:\Company\Hammer\Old\work)
2024-04-01 10:55:30.436  INFO 16024 --- [main] com.example.Application                  : No active profile set, falling back to default profiles: default
2024-04-01 10:55:30.707  WARN 16024 --- [main] o.m.s.mapper.ClassPathMapperScanner      : No MyBatis mapper was found in '[com.example]' package. Please check your configuration.
2024-04-01 10:55:30.983  INFO 16024 --- [main] o.s.b.w.embedded.tomcat.TomcatWebServer  : Tomcat initialized with port(s): 8888 (http)
2024-04-01 10:55:30.990  INFO 16024 --- [main] o.apache.catalina.core.StandardService   : Starting service [Tomcat]
2024-04-01 10:55:30.990  INFO 16024 --- [main] org.apache.catalina.core.StandardEngine  : Starting Servlet Engine: Apache Tomcat/9.0.12
2024-04-01 10:55:30.993  INFO 16024 --- [main] o.a.catalina.core.AprLifecycleListener   : The APR based Apache Tomcat Native library which allows optimal performance in production environments was not found on the java.library.path: [C:\Program Files\Java\jdk1.8.0_181\bin;C:\Windows\Sun\Java\bin;C:\Windows\system32;C:\Windows;C:\Program Files (x86)\Common Files\Oracle\Java\javapath;C:\Windows\system32;C:\Windows;C:\Windows\System32\Wbem;C:\Windows\System32\WindowsPowerShell\v1.0\;C:\Windows\System32\OpenSSH\;D:\Environment\nodejs\;D:\Environment\Python\Scripts;E:\Git\Git\cmd;E:\Git\bin;E:\wechat_devtools\微信web开发者工具\dll;D:\Environment\Python\Scripts\;D:\Environment\Python\;C:\Users\Administrator\AppData\Local\Microsoft\WindowsApps;;E:\Idea\IntelliJ IDEA 2023.1.4\bin;;C:\Users\Administrator\AppData\Roaming\npm;.]
2024-04-01 10:55:31.031  INFO 16024 --- [main] o.a.c.c.C.[Tomcat].[localhost].[/]       : Initializing Spring embedded WebApplicationContext
2024-04-01 10:55:31.031  INFO 16024 --- [main] o.s.web.context.ContextLoader            : Root WebApplicationContext: initialization completed in 575 ms
2024-04-01 10:55:31.043  INFO 16024 --- [main] o.s.b.w.servlet.ServletRegistrationBean  : Servlet dispatcherServlet mapped to [/]
2024-04-01 10:55:31.045  INFO 16024 --- [main] o.s.b.w.servlet.FilterRegistrationBean   : Mapping filter: 'characterEncodingFilter' to: [/*]
2024-04-01 10:55:31.045  INFO 16024 --- [main] o.s.b.w.servlet.FilterRegistrationBean   : Mapping filter: 'hiddenHttpMethodFilter' to: [/*]
2024-04-01 10:55:31.045  INFO 16024 --- [main] o.s.b.w.servlet.FilterRegistrationBean   : Mapping filter: 'formContentFilter' to: [/*]
2024-04-01 10:55:31.045  INFO 16024 --- [main] o.s.b.w.servlet.FilterRegistrationBean   : Mapping filter: 'requestContextFilter' to: [/*]
2024-04-01 10:55:31.631  INFO 16024 --- [main] o.s.s.concurrent.ThreadPoolTaskExecutor  : Initializing ExecutorService 'applicationTaskExecutor'
2024-04-01 10:55:31.769  INFO 16024 --- [main] o.s.b.w.embedded.tomcat.TomcatWebServer  : Tomcat started on port(s): 8888 (http) with context path ''
2024-04-01 10:55:31.770  INFO 16024 --- [main] com.example.Application                  : Started Application in 1.515 seconds (JVM running for 1.853)
2024-04-01 10:55:40.837  INFO 16024 --- [http-nio-8888-exec-1] o.a.c.c.C.[Tomcat].[localhost].[/]       : Initializing Spring DispatcherServlet 'dispatcherServlet'
2024-04-01 10:55:40.837  INFO 16024 --- [http-nio-8888-exec-1] o.s.web.servlet.DispatcherServlet        : Initializing Servlet 'dispatcherServlet'
2024-04-01 10:55:40.840  INFO 16024 --- [http-nio-8888-exec-1] o.s.web.servlet.DispatcherServlet        : Completed initialization in 3 ms
2024-04-01 10:56:19.756  INFO 16024 --- [http-nio-8888-exec-9] com.zaxxer.hikari.HikariDataSource       : HikariPool-1 - Starting...
2024-04-01 10:56:19.813  INFO 16024 --- [http-nio-8888-exec-9] com.zaxxer.hikari.HikariDataSource       : HikariPool-1 - Start completed.
2024-04-01 10:57:42.798  INFO 16024 --- [Thread-4] o.s.s.concurrent.ThreadPoolTaskExecutor  : Shutting down ExecutorService 'applicationTaskExecutor'
2024-04-01 10:57:42.798  INFO 16024 --- [Thread-4] com.zaxxer.hikari.HikariDataSource       : HikariPool-1 - Shutdown initiated...
2024-04-01 10:57:42.802  INFO 16024 --- [Thread-4] com.zaxxer.hikari.HikariDataSource       : HikariPool-1 - Shutdown completed.
2024-04-01 10:57:45.868  INFO 15352 --- [main] com.example.Application                  : Starting Application on PC-202307121658 with PID 15352 (D:\Company\Hammer\Old\work\target\classes started by Administrator in D:\Company\Hammer\Old\work)
2024-04-01 10:57:45.869  INFO 15352 --- [main] com.example.Application                  : No active profile set, falling back to default profiles: default
2024-04-01 10:57:46.132  WARN 15352 --- [main] o.m.s.mapper.ClassPathMapperScanner      : No MyBatis mapper was found in '[com.example]' package. Please check your configuration.
2024-04-01 10:57:46.378  INFO 15352 --- [main] o.s.b.w.embedded.tomcat.TomcatWebServer  : Tomcat initialized with port(s): 8888 (http)
2024-04-01 10:57:46.386  INFO 15352 --- [main] o.apache.catalina.core.StandardService   : Starting service [Tomcat]
2024-04-01 10:57:46.386  INFO 15352 --- [main] org.apache.catalina.core.StandardEngine  : Starting Servlet Engine: Apache Tomcat/9.0.12
2024-04-01 10:57:46.389  INFO 15352 --- [main] o.a.catalina.core.AprLifecycleListener   : The APR based Apache Tomcat Native library which allows optimal performance in production environments was not found on the java.library.path: [C:\Program Files\Java\jdk1.8.0_181\bin;C:\Windows\Sun\Java\bin;C:\Windows\system32;C:\Windows;C:\Program Files (x86)\Common Files\Oracle\Java\javapath;C:\Windows\system32;C:\Windows;C:\Windows\System32\Wbem;C:\Windows\System32\WindowsPowerShell\v1.0\;C:\Windows\System32\OpenSSH\;D:\Environment\nodejs\;D:\Environment\Python\Scripts;E:\Git\Git\cmd;E:\Git\bin;E:\wechat_devtools\微信web开发者工具\dll;D:\Environment\Python\Scripts\;D:\Environment\Python\;C:\Users\Administrator\AppData\Local\Microsoft\WindowsApps;;E:\Idea\IntelliJ IDEA 2023.1.4\bin;;C:\Users\Administrator\AppData\Roaming\npm;.]
2024-04-01 10:57:46.428  INFO 15352 --- [main] o.a.c.c.C.[Tomcat].[localhost].[/]       : Initializing Spring embedded WebApplicationContext
2024-04-01 10:57:46.428  INFO 15352 --- [main] o.s.web.context.ContextLoader            : Root WebApplicationContext: initialization completed in 543 ms
2024-04-01 10:57:46.440  INFO 15352 --- [main] o.s.b.w.servlet.ServletRegistrationBean  : Servlet dispatcherServlet mapped to [/]
2024-04-01 10:57:46.443  INFO 15352 --- [main] o.s.b.w.servlet.FilterRegistrationBean   : Mapping filter: 'characterEncodingFilter' to: [/*]
2024-04-01 10:57:46.443  INFO 15352 --- [main] o.s.b.w.servlet.FilterRegistrationBean   : Mapping filter: 'hiddenHttpMethodFilter' to: [/*]
2024-04-01 10:57:46.443  INFO 15352 --- [main] o.s.b.w.servlet.FilterRegistrationBean   : Mapping filter: 'formContentFilter' to: [/*]
2024-04-01 10:57:46.443  INFO 15352 --- [main] o.s.b.w.servlet.FilterRegistrationBean   : Mapping filter: 'requestContextFilter' to: [/*]
2024-04-01 10:57:46.961  INFO 15352 --- [main] o.s.s.concurrent.ThreadPoolTaskExecutor  : Initializing ExecutorService 'applicationTaskExecutor'
2024-04-01 10:57:47.090  INFO 15352 --- [main] o.s.b.w.embedded.tomcat.TomcatWebServer  : Tomcat started on port(s): 8888 (http) with context path ''
2024-04-01 10:57:47.091  INFO 15352 --- [main] com.example.Application                  : Started Application in 1.376 seconds (JVM running for 1.721)
2024-04-01 10:57:55.973  INFO 15352 --- [http-nio-8888-exec-1] o.a.c.c.C.[Tomcat].[localhost].[/]       : Initializing Spring DispatcherServlet 'dispatcherServlet'
2024-04-01 10:57:55.973  INFO 15352 --- [http-nio-8888-exec-1] o.s.web.servlet.DispatcherServlet        : Initializing Servlet 'dispatcherServlet'
2024-04-01 10:57:55.977  INFO 15352 --- [http-nio-8888-exec-1] o.s.web.servlet.DispatcherServlet        : Completed initialization in 4 ms
2024-04-01 10:57:55.999  INFO 15352 --- [http-nio-8888-exec-6] com.zaxxer.hikari.HikariDataSource       : HikariPool-1 - Starting...
2024-04-01 10:57:56.054  INFO 15352 --- [http-nio-8888-exec-6] com.zaxxer.hikari.HikariDataSource       : HikariPool-1 - Start completed.
2024-04-01 11:00:51.030  WARN 15352 --- [http-nio-8888-exec-5] com.zaxxer.hikari.pool.PoolBase          : HikariPool-1 - Failed to validate connection com.mysql.cj.jdbc.ConnectionImpl@12fca8d8 (No operations allowed after connection closed.). Possibly consider using a shorter maxLifetime value.
2024-04-01 11:00:51.031  WARN 15352 --- [http-nio-8888-exec-5] com.zaxxer.hikari.pool.PoolBase          : HikariPool-1 - Failed to validate connection com.mysql.cj.jdbc.ConnectionImpl@3251dc5a (No operations allowed after connection closed.). Possibly consider using a shorter maxLifetime value.
2024-04-01 11:00:51.032  WARN 15352 --- [http-nio-8888-exec-5] com.zaxxer.hikari.pool.PoolBase          : HikariPool-1 - Failed to validate connection com.mysql.cj.jdbc.ConnectionImpl@459c18a0 (No operations allowed after connection closed.). Possibly consider using a shorter maxLifetime value.
2024-04-01 11:00:51.032  WARN 15352 --- [http-nio-8888-exec-5] com.zaxxer.hikari.pool.PoolBase          : HikariPool-1 - Failed to validate connection com.mysql.cj.jdbc.ConnectionImpl@5724d606 (No operations allowed after connection closed.). Possibly consider using a shorter maxLifetime value.
2024-04-01 11:00:51.034  WARN 15352 --- [http-nio-8888-exec-5] com.zaxxer.hikari.pool.PoolBase          : HikariPool-1 - Failed to validate connection com.mysql.cj.jdbc.ConnectionImpl@550ec145 (No operations allowed after connection closed.). Possibly consider using a shorter maxLifetime value.
2024-04-01 11:00:51.035  WARN 15352 --- [http-nio-8888-exec-5] com.zaxxer.hikari.pool.PoolBase          : HikariPool-1 - Failed to validate connection com.mysql.cj.jdbc.ConnectionImpl@698164b2 (No operations allowed after connection closed.). Possibly consider using a shorter maxLifetime value.
2024-04-01 11:00:51.035  WARN 15352 --- [http-nio-8888-exec-5] com.zaxxer.hikari.pool.PoolBase          : HikariPool-1 - Failed to validate connection com.mysql.cj.jdbc.ConnectionImpl@4cfd383a (No operations allowed after connection closed.). Possibly consider using a shorter maxLifetime value.
2024-04-01 11:00:51.036  WARN 15352 --- [http-nio-8888-exec-5] com.zaxxer.hikari.pool.PoolBase          : HikariPool-1 - Failed to validate connection com.mysql.cj.jdbc.ConnectionImpl@3d185345 (No operations allowed after connection closed.). Possibly consider using a shorter maxLifetime value.
2024-04-01 11:00:51.037  WARN 15352 --- [http-nio-8888-exec-5] com.zaxxer.hikari.pool.PoolBase          : HikariPool-1 - Failed to validate connection com.mysql.cj.jdbc.ConnectionImpl@1ebfa94a (No operations allowed after connection closed.). Possibly consider using a shorter maxLifetime value.
2024-04-01 11:00:51.038  WARN 15352 --- [http-nio-8888-exec-5] com.zaxxer.hikari.pool.PoolBase          : HikariPool-1 - Failed to validate connection com.mysql.cj.jdbc.ConnectionImpl@7cf9fadb (No operations allowed after connection closed.). Possibly consider using a shorter maxLifetime value.
2024-04-01 11:06:11.469  WARN 15352 --- [http-nio-8888-exec-5] com.zaxxer.hikari.pool.PoolBase          : HikariPool-1 - Failed to validate connection com.mysql.cj.jdbc.ConnectionImpl@1002cb8 (No operations allowed after connection closed.). Possibly consider using a shorter maxLifetime value.
2024-04-01 11:06:11.470  WARN 15352 --- [http-nio-8888-exec-5] com.zaxxer.hikari.pool.PoolBase          : HikariPool-1 - Failed to validate connection com.mysql.cj.jdbc.ConnectionImpl@4bbb1a12 (No operations allowed after connection closed.). Possibly consider using a shorter maxLifetime value.
2024-04-01 11:06:11.470  WARN 15352 --- [http-nio-8888-exec-5] com.zaxxer.hikari.pool.PoolBase          : HikariPool-1 - Failed to validate connection com.mysql.cj.jdbc.ConnectionImpl@3d257bc5 (No operations allowed after connection closed.). Possibly consider using a shorter maxLifetime value.
2024-04-01 11:06:11.471  WARN 15352 --- [http-nio-8888-exec-5] com.zaxxer.hikari.pool.PoolBase          : HikariPool-1 - Failed to validate connection com.mysql.cj.jdbc.ConnectionImpl@3dc0e535 (No operations allowed after connection closed.). Possibly consider using a shorter maxLifetime value.
2024-04-01 11:06:11.472  WARN 15352 --- [http-nio-8888-exec-5] com.zaxxer.hikari.pool.PoolBase          : HikariPool-1 - Failed to validate connection com.mysql.cj.jdbc.ConnectionImpl@47e308e3 (No operations allowed after connection closed.). Possibly consider using a shorter maxLifetime value.
2024-04-01 11:06:11.474  WARN 15352 --- [http-nio-8888-exec-5] com.zaxxer.hikari.pool.PoolBase          : HikariPool-1 - Failed to validate connection com.mysql.cj.jdbc.ConnectionImpl@7825efa4 (No operations allowed after connection closed.). Possibly consider using a shorter maxLifetime value.
2024-04-01 11:06:11.476  WARN 15352 --- [http-nio-8888-exec-5] com.zaxxer.hikari.pool.PoolBase          : HikariPool-1 - Failed to validate connection com.mysql.cj.jdbc.ConnectionImpl@275e5453 (No operations allowed after connection closed.). Possibly consider using a shorter maxLifetime value.
2024-04-01 11:06:11.477  WARN 15352 --- [http-nio-8888-exec-5] com.zaxxer.hikari.pool.PoolBase          : HikariPool-1 - Failed to validate connection com.mysql.cj.jdbc.ConnectionImpl@2c429ef6 (No operations allowed after connection closed.). Possibly consider using a shorter maxLifetime value.
2024-04-01 11:06:11.478  WARN 15352 --- [http-nio-8888-exec-5] com.zaxxer.hikari.pool.PoolBase          : HikariPool-1 - Failed to validate connection com.mysql.cj.jdbc.ConnectionImpl@5c5832af (No operations allowed after connection closed.). Possibly consider using a shorter maxLifetime value.
2024-04-01 11:06:11.479  WARN 15352 --- [http-nio-8888-exec-5] com.zaxxer.hikari.pool.PoolBase          : HikariPool-1 - Failed to validate connection com.mysql.cj.jdbc.ConnectionImpl@b57ae4f (No operations allowed after connection closed.). Possibly consider using a shorter maxLifetime value.
2024-04-01 11:08:14.499  WARN 15352 --- [http-nio-8888-exec-7] com.zaxxer.hikari.pool.PoolBase          : HikariPool-1 - Failed to validate connection com.mysql.cj.jdbc.ConnectionImpl@21d53df1 (No operations allowed after connection closed.). Possibly consider using a shorter maxLifetime value.
2024-04-01 11:09:56.283  WARN 15352 --- [http-nio-8888-exec-1] com.zaxxer.hikari.pool.PoolBase          : HikariPool-1 - Failed to validate connection com.mysql.cj.jdbc.ConnectionImpl@69f81e6 (No operations allowed after connection closed.). Possibly consider using a shorter maxLifetime value.
2024-04-01 11:09:56.284  WARN 15352 --- [http-nio-8888-exec-1] com.zaxxer.hikari.pool.PoolBase          : HikariPool-1 - Failed to validate connection com.mysql.cj.jdbc.ConnectionImpl@428bcab8 (No operations allowed after connection closed.). Possibly consider using a shorter maxLifetime value.
2024-04-01 11:09:56.284  WARN 15352 --- [http-nio-8888-exec-1] com.zaxxer.hikari.pool.PoolBase          : HikariPool-1 - Failed to validate connection com.mysql.cj.jdbc.ConnectionImpl@1a18a342 (No operations allowed after connection closed.). Possibly consider using a shorter maxLifetime value.
2024-04-01 11:09:56.285  WARN 15352 --- [http-nio-8888-exec-1] com.zaxxer.hikari.pool.PoolBase          : HikariPool-1 - Failed to validate connection com.mysql.cj.jdbc.ConnectionImpl@60f28156 (No operations allowed after connection closed.). Possibly consider using a shorter maxLifetime value.
2024-04-01 11:09:56.286  WARN 15352 --- [http-nio-8888-exec-1] com.zaxxer.hikari.pool.PoolBase          : HikariPool-1 - Failed to validate connection com.mysql.cj.jdbc.ConnectionImpl@6b5eda36 (No operations allowed after connection closed.). Possibly consider using a shorter maxLifetime value.
2024-04-01 11:09:56.286  WARN 15352 --- [http-nio-8888-exec-1] com.zaxxer.hikari.pool.PoolBase          : HikariPool-1 - Failed to validate connection com.mysql.cj.jdbc.ConnectionImpl@771c13ef (No operations allowed after connection closed.). Possibly consider using a shorter maxLifetime value.
2024-04-01 11:09:56.287  WARN 15352 --- [http-nio-8888-exec-1] com.zaxxer.hikari.pool.PoolBase          : HikariPool-1 - Failed to validate connection com.mysql.cj.jdbc.ConnectionImpl@28c1acfd (No operations allowed after connection closed.). Possibly consider using a shorter maxLifetime value.
2024-04-01 11:10:19.467  WARN 15352 --- [http-nio-8888-exec-4] com.zaxxer.hikari.pool.PoolBase          : HikariPool-1 - Failed to validate connection com.mysql.cj.jdbc.ConnectionImpl@1a41a08d (No operations allowed after connection closed.). Possibly consider using a shorter maxLifetime value.
2024-04-01 11:10:19.467  WARN 15352 --- [http-nio-8888-exec-9] com.zaxxer.hikari.pool.PoolBase          : HikariPool-1 - Failed to validate connection com.mysql.cj.jdbc.ConnectionImpl@2a33cb8a (No operations allowed after connection closed.). Possibly consider using a shorter maxLifetime value.
2024-04-01 11:14:49.862  WARN 15352 --- [http-nio-8888-exec-4] com.zaxxer.hikari.pool.PoolBase          : HikariPool-1 - Failed to validate connection com.mysql.cj.jdbc.ConnectionImpl@9d433ba (No operations allowed after connection closed.). Possibly consider using a shorter maxLifetime value.
2024-04-01 11:14:49.862  WARN 15352 --- [http-nio-8888-exec-6] com.zaxxer.hikari.pool.PoolBase          : HikariPool-1 - Failed to validate connection com.mysql.cj.jdbc.ConnectionImpl@17b3ae49 (No operations allowed after connection closed.). Possibly consider using a shorter maxLifetime value.
2024-04-01 11:14:49.862  WARN 15352 --- [http-nio-8888-exec-7] com.zaxxer.hikari.pool.PoolBase          : HikariPool-1 - Failed to validate connection com.mysql.cj.jdbc.ConnectionImpl@2d710e6c (No operations allowed after connection closed.). Possibly consider using a shorter maxLifetime value.
2024-04-01 11:14:49.863  WARN 15352 --- [http-nio-8888-exec-6] com.zaxxer.hikari.pool.PoolBase          : HikariPool-1 - Failed to validate connection com.mysql.cj.jdbc.ConnectionImpl@17db4d38 (No operations allowed after connection closed.). Possibly consider using a shorter maxLifetime value.
2024-04-01 11:14:49.863  WARN 15352 --- [http-nio-8888-exec-4] com.zaxxer.hikari.pool.PoolBase          : HikariPool-1 - Failed to validate connection com.mysql.cj.jdbc.ConnectionImpl@5362b863 (No operations allowed after connection closed.). Possibly consider using a shorter maxLifetime value.
2024-04-01 11:14:49.864  WARN 15352 --- [http-nio-8888-exec-7] com.zaxxer.hikari.pool.PoolBase          : HikariPool-1 - Failed to validate connection com.mysql.cj.jdbc.ConnectionImpl@8de12dd (No operations allowed after connection closed.). Possibly consider using a shorter maxLifetime value.
2024-04-01 11:14:49.865  WARN 15352 --- [http-nio-8888-exec-6] com.zaxxer.hikari.pool.PoolBase          : HikariPool-1 - Failed to validate connection com.mysql.cj.jdbc.ConnectionImpl@77190616 (No operations allowed after connection closed.). Possibly consider using a shorter maxLifetime value.
2024-04-01 11:14:49.867  WARN 15352 --- [http-nio-8888-exec-7] com.zaxxer.hikari.pool.PoolBase          : HikariPool-1 - Failed to validate connection com.mysql.cj.jdbc.ConnectionImpl@1d71474c (No operations allowed after connection closed.). Possibly consider using a shorter maxLifetime value.
2024-04-01 11:14:49.867  WARN 15352 --- [http-nio-8888-exec-4] com.zaxxer.hikari.pool.PoolBase          : HikariPool-1 - Failed to validate connection com.mysql.cj.jdbc.ConnectionImpl@178a798c (No operations allowed after connection closed.). Possibly consider using a shorter maxLifetime value.
2024-04-01 11:14:49.868  WARN 15352 --- [http-nio-8888-exec-6] com.zaxxer.hikari.pool.PoolBase          : HikariPool-1 - Failed to validate connection com.mysql.cj.jdbc.ConnectionImpl@7ae85ec3 (No operations allowed after connection closed.). Possibly consider using a shorter maxLifetime value.
2024-04-01 11:29:19.841  INFO 15352 --- [Thread-5] o.s.s.concurrent.ThreadPoolTaskExecutor  : Shutting down ExecutorService 'applicationTaskExecutor'
2024-04-01 11:29:19.842  INFO 15352 --- [Thread-5] com.zaxxer.hikari.HikariDataSource       : HikariPool-1 - Shutdown initiated...
2024-04-01 11:29:19.844  INFO 15352 --- [Thread-5] com.zaxxer.hikari.HikariDataSource       : HikariPool-1 - Shutdown completed.
